----------------------------------------------------------
network Log for Varof (LogLevel: Verbose)
Running osu 2024.521.2.0 on .NET 8.0.5
Environment: Windows (Microsoft Windows NT 10.0.22631.0), 8 cores 
----------------------------------------------------------
2024-06-14 02:20:50 [verbose]: Request to https://auth.ppy.sh/updates/get successfully completed!
2024-06-14 02:20:52 [verbose]: Request to https://osu.ppy.sh/oauth/token successfully completed!
2024-06-14 02:20:52 [verbose]: Performing request osu.Game.Online.API.Requests.GetMeRequest
2024-06-14 02:20:52 [verbose]: Failing request osu.Game.Online.API.Requests.GetUpdatesRequest (System.Net.WebException: User not logged in)
2024-06-14 02:20:53 [verbose]: Request to https://osu.ppy.sh/api/v2/me/ successfully completed!
2024-06-14 02:20:53 [verbose]: GetMeRequest finished with response size of 8 477 bytes
2024-06-14 02:20:53 [verbose]: Performing request osu.Game.Online.API.Requests.GetFriendsRequest
2024-06-14 02:20:53 [verbose]: OnlineMetadataClient connecting...
2024-06-14 02:20:53 [verbose]: SpectatorClient connecting...
2024-06-14 02:20:53 [verbose]: OnlineMultiplayerClient connecting...
2024-06-14 02:20:53 [verbose]: WebSocketNotificationsClientConnector connecting...
2024-06-14 02:20:53 [verbose]: Performing request osu.Game.Online.API.Requests.GetSeasonalBackgroundsRequest
2024-06-14 02:20:53 [verbose]: Performing request osu.Game.Online.API.Requests.GetNotificationsRequest
2024-06-14 02:20:53 [verbose]: Request to https://osu.ppy.sh/api/v2/friends successfully completed!
2024-06-14 02:20:53 [verbose]: GetFriendsRequest finished with response size of 14 845 bytes
2024-06-14 02:20:53 [verbose]: Performing request osu.Game.Online.API.Requests.ChatAckRequest
2024-06-14 02:20:53 [verbose]: Request to https://osu.ppy.sh/api/v2/seasonal-backgrounds successfully completed!
2024-06-14 02:20:53 [verbose]: GetSeasonalBackgroundsRequest finished with response size of 9 655 bytes
2024-06-14 02:20:53 [verbose]: Request to https://auth.ppy.sh/updates/get successfully completed!
2024-06-14 02:20:53 [verbose]: Request to https://osu.ppy.sh/api/v2/notifications successfully completed!
2024-06-14 02:20:53 [verbose]: GetNotificationsRequest finished with response size of 1 653 bytes
2024-06-14 02:20:54 [verbose]: Request to https://osu.ppy.sh/api/v2/chat/ack successfully completed!
2024-06-14 02:20:54 [verbose]: ChatAckRequest finished with response size of 15 bytes
2024-06-14 02:20:54 [verbose]: Performing request osu.Game.Online.API.Requests.GetUsersRequest
2024-06-14 02:20:54 [verbose]: Request to https://assets.ppy.sh/user-contest-entries/13312/53bcf801734b1d64bf23c8879a216e0ca514088abf896d10c1a210ff952dc408_opt.jpg successfully completed!
2024-06-14 02:20:54 [verbose]: WebSocketNotificationsClientConnector connected!
2024-06-14 02:20:54 [verbose]: Now listening to websocket chat messages.
2024-06-14 02:20:54 [verbose]: Request to https://osu.ppy.sh/api/v2/users/?ids[]=18829722 successfully completed!
2024-06-14 02:20:54 [verbose]: GetUsersRequest finished with response size of 2 243 bytes
2024-06-14 02:20:54 [verbose]: Performing request osu.Game.Online.API.Requests.GetUpdatesRequest
2024-06-14 02:20:54 [verbose]: OnlineMetadataClient connected!
2024-06-14 02:20:54 [verbose]: OnlineMultiplayerClient connected!
2024-06-14 02:20:54 [verbose]: SpectatorClient connected!
2024-06-14 02:20:55 [verbose]: Request to https://osu.ppy.sh/api/v2/chat/updates successfully completed!
2024-06-14 02:20:55 [verbose]: GetUpdatesRequest finished with response size of 2 932 bytes
2024-06-14 02:20:55 [verbose]: Performing request osu.Game.Online.API.Requests.GetMessagesRequest
2024-06-14 02:20:55 [verbose]: Request to https://osu.ppy.sh/api/v2/chat/channels/32227506/messages successfully completed!
2024-06-14 02:20:55 [verbose]: GetMessagesRequest finished with response size of 5 657 bytes
2024-06-14 02:20:55 [verbose]: Performing request osu.Game.Online.API.Requests.ListChannelsRequest
2024-06-14 02:20:55 [verbose]: Request to https://osu.ppy.sh/api/v2/chat/channels successfully completed!
2024-06-14 02:20:55 [verbose]: ListChannelsRequest finished with response size of 7 528 bytes
2024-06-14 02:20:56 [verbose]: Request to https://assets.ppy.sh/menu-content.json successfully completed!
2024-06-14 02:20:56 [verbose]: Request to https://assets.ppy.sh/main-menu/kyoku-menu-banner@2x.png successfully completed!
2024-06-14 02:20:57 [verbose]: Request to https://a.ppy.sh/18829722?1716761139.jpeg successfully completed!
2024-06-14 02:21:04 [verbose]: Request to https://a.ppy.sh/18829722 successfully completed!
2024-06-14 02:21:12 [verbose]: Request to https://a.ppy.sh/18829722 successfully completed!
2024-06-14 02:21:13 [verbose]: Performing request osu.Game.Online.Solo.CreateSoloScoreRequest
2024-06-14 02:21:14 [verbose]: Request to https://osu.ppy.sh/api/v2/beatmaps/3817514/solo/scores successfully completed!
2024-06-14 02:21:14 [verbose]: CreateSoloScoreRequest finished with response size of 116 bytes
2024-06-14 02:21:23 [verbose]: Performing request osu.Game.Online.Solo.SubmitSoloScoreRequest
2024-06-14 02:21:23 [verbose]: Request to https://osu.ppy.sh/api/v2/beatmaps/3817514/solo/scores/260857414 successfully completed!
2024-06-14 02:21:23 [verbose]: SubmitSoloScoreRequest finished with response size of 783 bytes
2024-06-14 02:21:24 [verbose]: Performing request osu.Game.Online.Solo.CreateSoloScoreRequest
2024-06-14 02:21:24 [verbose]: Request to https://osu.ppy.sh/api/v2/beatmaps/3817514/solo/scores successfully completed!
2024-06-14 02:21:24 [verbose]: CreateSoloScoreRequest finished with response size of 116 bytes
2024-06-14 02:21:39 [verbose]: Performing request osu.Game.Online.Solo.SubmitSoloScoreRequest
2024-06-14 02:21:40 [verbose]: Request to https://osu.ppy.sh/api/v2/beatmaps/3817514/solo/scores/260857480 successfully completed!
2024-06-14 02:21:40 [verbose]: SubmitSoloScoreRequest finished with response size of 830 bytes
2024-06-14 02:21:40 [verbose]: Performing request osu.Game.Online.Solo.CreateSoloScoreRequest
2024-06-14 02:21:40 [verbose]: Request to https://osu.ppy.sh/api/v2/beatmaps/3817514/solo/scores successfully completed!
2024-06-14 02:21:40 [verbose]: CreateSoloScoreRequest finished with response size of 116 bytes
2024-06-14 02:21:50 [verbose]: Request to https://auth.ppy.sh/updates/get successfully completed!
2024-06-14 02:21:54 [verbose]: Performing request osu.Game.Online.API.Requests.ChatAckRequest
2024-06-14 02:21:54 [verbose]: Request to https://osu.ppy.sh/api/v2/chat/ack successfully completed!
2024-06-14 02:21:54 [verbose]: ChatAckRequest finished with response size of 259 bytes
2024-06-14 02:22:51 [verbose]: Request to https://auth.ppy.sh/updates/get successfully completed!
2024-06-14 02:22:54 [verbose]: Performing request osu.Game.Online.API.Requests.ChatAckRequest
2024-06-14 02:22:55 [verbose]: Request to https://osu.ppy.sh/api/v2/chat/ack successfully completed!
2024-06-14 02:22:55 [verbose]: ChatAckRequest finished with response size of 15 bytes
2024-06-14 02:23:51 [verbose]: Request to https://auth.ppy.sh/updates/get successfully completed!
2024-06-14 02:23:55 [verbose]: Performing request osu.Game.Online.API.Requests.ChatAckRequest
2024-06-14 02:23:55 [verbose]: Request to https://osu.ppy.sh/api/v2/chat/ack successfully completed!
2024-06-14 02:23:55 [verbose]: ChatAckRequest finished with response size of 15 bytes
2024-06-14 02:24:38 [verbose]: Performing request osu.Game.Online.Solo.SubmitSoloScoreRequest
2024-06-14 02:24:39 [verbose]: Request to https://osu.ppy.sh/api/v2/beatmaps/3817514/solo/scores/260857581 successfully completed!
2024-06-14 02:24:39 [verbose]: SubmitSoloScoreRequest finished with response size of 835 bytes
2024-06-14 02:24:39 [verbose]: Performing request osu.Game.Online.API.Requests.GetUserRequest
2024-06-14 02:24:39 [verbose]: Performing request osu.Game.Online.API.Requests.GetUserRequest
2024-06-14 02:24:39 [verbose]: Request to https://osu.ppy.sh/api/v2/users/18829722/?key=id successfully completed!
2024-06-14 02:24:39 [verbose]: GetUserRequest finished with response size of 6 760 bytes
2024-06-14 02:24:40 [verbose]: Request to https://assets.ppy.sh/user-cover-presets/3/32ddb3eb261e38a82067f9ef4ea96c12f6abf8bd228e6413330f9d351420301b.jpeg successfully completed!
2024-06-14 02:24:41 [verbose]: Request to https://osu.ppy.sh/api/v2/users/18829722/osu?key=id successfully completed!
2024-06-14 02:24:41 [verbose]: GetUserRequest finished with response size of 6 760 bytes
2024-06-14 02:24:41 [verbose]: Performing request osu.Game.Online.API.Requests.GetScoresRequest
2024-06-14 02:24:41 [verbose]: Request to https://osu.ppy.sh/api/v2/beatmaps/3817514/solo-scores?type=global&mode=osu successfully completed!
2024-06-14 02:24:41 [verbose]: GetScoresRequest finished with response size of 67 277 bytes
2024-06-14 02:24:42 [verbose]: Request to https://assets.ppy.sh/user-cover-presets/5/395c011121ca45b2ab30bd6fdd5d12483acca063bfb75ccae96d88da4304a1fb.jpeg successfully completed!
2024-06-14 02:24:42 [verbose]: Request to https://assets.ppy.sh/user-cover-presets/1/df28696b58541a9e67f6755918951d542d93bdf1da41720fcca2fd2c1ea8cf51.jpeg successfully completed!
2024-06-14 02:24:42 [verbose]: Request to https://a.ppy.sh/7789098?1716971122.jpeg successfully completed!
2024-06-14 02:24:42 [verbose]: Request to https://a.ppy.sh/4674411?1705553131.jpeg successfully completed!
2024-06-14 02:24:42 [verbose]: Request to https://a.ppy.sh/11502740?1668472064.jpeg successfully completed!
2024-06-14 02:24:42 [verbose]: Request to https://assets.ppy.sh/user-profile-covers/12202466/7998d20526a0e0a7fc02130d960bb9851f27e5785666dff2197f9d6690531674.png successfully completed!
2024-06-14 02:24:42 [verbose]: Request to https://a.ppy.sh/12202466?1676918514.png successfully completed!
2024-06-14 02:24:44 [verbose]: Request to https://a.ppy.sh/18829722 successfully completed!
2024-06-14 02:24:49 [verbose]: Request to https://a.ppy.sh/18829722 successfully completed!
2024-06-14 02:24:50 [verbose]: Request to https://a.ppy.sh/18829722 successfully completed!
2024-06-14 02:24:52 [verbose]: Request to https://a.ppy.sh/18829722 successfully completed!
2024-06-14 02:24:52 [verbose]: Request to https://auth.ppy.sh/updates/get successfully completed!
2024-06-14 02:24:53 [verbose]: Request to https://a.ppy.sh/18829722 successfully completed!
2024-06-14 02:24:55 [verbose]: Performing request osu.Game.Online.API.Requests.ChatAckRequest
2024-06-14 02:24:56 [verbose]: Request to https://osu.ppy.sh/api/v2/chat/ack successfully completed!
2024-06-14 02:24:56 [verbose]: ChatAckRequest finished with response size of 15 bytes
2024-06-14 02:24:59 [verbose]: Performing request osu.Game.Online.Solo.CreateSoloScoreRequest
2024-06-14 02:24:59 [verbose]: Request to https://osu.ppy.sh/api/v2/beatmaps/4474193/solo/scores successfully completed!
2024-06-14 02:24:59 [verbose]: CreateSoloScoreRequest finished with response size of 116 bytes
2024-06-14 02:25:52 [verbose]: Request to https://auth.ppy.sh/updates/get successfully completed!
2024-06-14 02:25:56 [verbose]: Performing request osu.Game.Online.API.Requests.ChatAckRequest
2024-06-14 02:25:56 [verbose]: Request to https://osu.ppy.sh/api/v2/chat/ack successfully completed!
2024-06-14 02:25:56 [verbose]: ChatAckRequest finished with response size of 15 bytes
2024-06-14 02:26:25 [verbose]: Performing request osu.Game.Online.Solo.SubmitSoloScoreRequest
2024-06-14 02:26:26 [verbose]: Request to https://osu.ppy.sh/api/v2/beatmaps/4474193/solo/scores/260858938 successfully completed!
2024-06-14 02:26:26 [verbose]: SubmitSoloScoreRequest finished with response size of 817 bytes
2024-06-14 02:26:27 [verbose]: Request to https://a.ppy.sh/18829722 successfully completed!
2024-06-14 02:26:30 [verbose]: Request to https://a.ppy.sh/18829722 successfully completed!
2024-06-14 02:26:33 [verbose]: Request to https://a.ppy.sh/18829722 successfully completed!
2024-06-14 02:26:39 [verbose]: Request to https://a.ppy.sh/18829722 successfully completed!
2024-06-14 02:26:40 [verbose]: Performing request osu.Game.Online.Solo.CreateSoloScoreRequest
2024-06-14 02:26:40 [verbose]: Request to https://osu.ppy.sh/api/v2/beatmaps/3393614/solo/scores successfully completed!
2024-06-14 02:26:40 [verbose]: CreateSoloScoreRequest finished with response size of 116 bytes
2024-06-14 02:26:47 [verbose]: Performing request osu.Game.Online.Solo.SubmitSoloScoreRequest
2024-06-14 02:26:47 [verbose]: Request to https://osu.ppy.sh/api/v2/beatmaps/3393614/solo/scores/260859581 successfully completed!
2024-06-14 02:26:47 [verbose]: SubmitSoloScoreRequest finished with response size of 694 bytes
2024-06-14 02:26:48 [verbose]: Request to https://a.ppy.sh/18829722 successfully completed!
2024-06-14 02:26:49 [verbose]: Performing request osu.Game.Online.Solo.CreateSoloScoreRequest
2024-06-14 02:26:50 [verbose]: Request to https://osu.ppy.sh/api/v2/beatmaps/3393614/solo/scores successfully completed!
2024-06-14 02:26:50 [verbose]: CreateSoloScoreRequest finished with response size of 116 bytes
2024-06-14 02:26:53 [verbose]: Request to https://auth.ppy.sh/updates/get successfully completed!
2024-06-14 02:26:56 [verbose]: Performing request osu.Game.Online.API.Requests.ChatAckRequest
2024-06-14 02:26:57 [verbose]: Request to https://osu.ppy.sh/api/v2/chat/ack successfully completed!
2024-06-14 02:26:57 [verbose]: ChatAckRequest finished with response size of 49 bytes
2024-06-14 02:27:09 [verbose]: Performing request osu.Game.Online.Solo.SubmitSoloScoreRequest
2024-06-14 02:27:09 [verbose]: Request to https://osu.ppy.sh/api/v2/beatmaps/3393614/solo/scores/260859626 successfully completed!
2024-06-14 02:27:09 [verbose]: SubmitSoloScoreRequest finished with response size of 819 bytes
2024-06-14 02:27:09 [verbose]: Performing request osu.Game.Online.Solo.CreateSoloScoreRequest
2024-06-14 02:27:10 [verbose]: Request to https://osu.ppy.sh/api/v2/beatmaps/3393614/solo/scores successfully completed!
2024-06-14 02:27:10 [verbose]: CreateSoloScoreRequest finished with response size of 116 bytes
2024-06-14 02:27:53 [verbose]: Request to https://auth.ppy.sh/updates/get successfully completed!
2024-06-14 02:27:57 [verbose]: Performing request osu.Game.Online.API.Requests.ChatAckRequest
2024-06-14 02:27:57 [verbose]: Request to https://osu.ppy.sh/api/v2/chat/ack successfully completed!
2024-06-14 02:27:57 [verbose]: ChatAckRequest finished with response size of 15 bytes
2024-06-14 02:28:53 [verbose]: Request to https://auth.ppy.sh/updates/get successfully completed!
2024-06-14 02:28:57 [verbose]: Performing request osu.Game.Online.API.Requests.ChatAckRequest
2024-06-14 02:28:57 [verbose]: Request to https://osu.ppy.sh/api/v2/chat/ack successfully completed!
2024-06-14 02:28:57 [verbose]: ChatAckRequest finished with response size of 15 bytes
2024-06-14 02:29:53 [verbose]: Request to https://auth.ppy.sh/updates/get successfully completed!
2024-06-14 02:29:57 [verbose]: Performing request osu.Game.Online.API.Requests.ChatAckRequest
2024-06-14 02:29:58 [verbose]: Request to https://osu.ppy.sh/api/v2/chat/ack successfully completed!
2024-06-14 02:29:58 [verbose]: ChatAckRequest finished with response size of 49 bytes
2024-06-14 02:30:25 [verbose]: Performing request osu.Game.Online.Solo.SubmitSoloScoreRequest
2024-06-14 02:30:25 [verbose]: Request to https://osu.ppy.sh/api/v2/beatmaps/3393614/solo/scores/260859749 successfully completed!
2024-06-14 02:30:25 [verbose]: SubmitSoloScoreRequest finished with response size of 856 bytes
2024-06-14 02:30:25 [verbose]: Performing request osu.Game.Online.API.Requests.GetScoresRequest
2024-06-14 02:30:26 [verbose]: Request to https://assets.ppy.sh/user-cover-presets/3/32ddb3eb261e38a82067f9ef4ea96c12f6abf8bd228e6413330f9d351420301b.jpeg successfully completed!
2024-06-14 02:30:26 [verbose]: Request to https://osu.ppy.sh/api/v2/beatmaps/3393614/solo-scores?type=global&mode=osu successfully completed!
2024-06-14 02:30:26 [verbose]: GetScoresRequest finished with response size of 66 488 bytes
2024-06-14 02:30:26 [verbose]: Performing request osu.Game.Online.API.Requests.GetUserRequest
2024-06-14 02:30:26 [verbose]: Request to https://osu.ppy.sh/api/v2/users/18829722/osu?key=id successfully completed!
2024-06-14 02:30:26 [verbose]: GetUserRequest finished with response size of 6 757 bytes
2024-06-14 02:30:26 [verbose]: Request to https://assets.ppy.sh/user-cover-presets/4/2fd772ad175c5687370e0aab50799a84adef7d0fff3f97dccfa5c94384ebb8af.jpeg successfully completed!
2024-06-14 02:30:26 [verbose]: Request to https://assets.ppy.sh/user-profile-covers/33347590/34061a33f0646cbbe6987e3c4b3d2632425c13e8482c77de1146da49003bffc6.gif successfully completed!
2024-06-14 02:30:26 [verbose]: Request to https://a.ppy.sh/33347590?1716360861.jpeg successfully completed!
2024-06-14 02:30:26 [verbose]: Request to https://a.ppy.sh/15232320?1717212559.jpeg successfully completed!
2024-06-14 02:30:26 [verbose]: Request to https://a.ppy.sh/35475626?1709370745.png successfully completed!
2024-06-14 02:30:27 [verbose]: Request to https://a.ppy.sh/35053237?1717282435.jpeg successfully completed!
2024-06-14 02:30:29 [verbose]: Request to https://a.ppy.sh/18829722 successfully completed!
2024-06-14 02:30:32 [verbose]: Request to https://a.ppy.sh/18829722 successfully completed!
2024-06-14 02:30:34 [verbose]: Request to https://a.ppy.sh/18829722 successfully completed!
2024-06-14 02:30:36 [verbose]: Request to https://a.ppy.sh/18829722 successfully completed!
2024-06-14 02:30:48 [verbose]: Performing request osu.Game.Online.Solo.CreateSoloScoreRequest
2024-06-14 02:30:48 [verbose]: Request to https://osu.ppy.sh/api/v2/beatmaps/2670695/solo/scores successfully completed!
2024-06-14 02:30:48 [verbose]: CreateSoloScoreRequest finished with response size of 116 bytes
2024-06-14 02:30:54 [verbose]: Request to https://auth.ppy.sh/updates/get successfully completed!
2024-06-14 02:30:58 [verbose]: Performing request osu.Game.Online.API.Requests.ChatAckRequest
2024-06-14 02:30:58 [verbose]: Request to https://osu.ppy.sh/api/v2/chat/ack successfully completed!
2024-06-14 02:30:58 [verbose]: ChatAckRequest finished with response size of 15 bytes
2024-06-14 02:31:54 [verbose]: Request to https://auth.ppy.sh/updates/get successfully completed!
2024-06-14 02:31:58 [verbose]: Performing request osu.Game.Online.API.Requests.ChatAckRequest
2024-06-14 02:31:58 [verbose]: Request to https://osu.ppy.sh/api/v2/chat/ack successfully completed!
2024-06-14 02:31:58 [verbose]: ChatAckRequest finished with response size of 15 bytes
2024-06-14 02:32:18 [verbose]: Performing request osu.Game.Online.Solo.SubmitSoloScoreRequest
2024-06-14 02:32:19 [verbose]: Request to https://osu.ppy.sh/api/v2/beatmaps/2670695/solo/scores/260861147 successfully completed!
2024-06-14 02:32:19 [verbose]: SubmitSoloScoreRequest finished with response size of 851 bytes
2024-06-14 02:32:55 [verbose]: Request to https://auth.ppy.sh/updates/get successfully completed!
2024-06-14 02:32:58 [verbose]: Performing request osu.Game.Online.API.Requests.ChatAckRequest
2024-06-14 02:32:58 [verbose]: Request to https://osu.ppy.sh/api/v2/chat/ack successfully completed!
2024-06-14 02:32:58 [verbose]: ChatAckRequest finished with response size of 15 bytes
2024-06-14 02:33:08 [verbose]: Performing request osu.Game.Online.Solo.CreateSoloScoreRequest
2024-06-14 02:33:08 [verbose]: Request to https://osu.ppy.sh/api/v2/beatmaps/2678916/solo/scores successfully completed!
2024-06-14 02:33:08 [verbose]: CreateSoloScoreRequest finished with response size of 116 bytes
2024-06-14 02:33:55 [verbose]: Request to https://auth.ppy.sh/updates/get successfully completed!
2024-06-14 02:33:58 [verbose]: Performing request osu.Game.Online.API.Requests.ChatAckRequest
2024-06-14 02:33:59 [verbose]: Request to https://osu.ppy.sh/api/v2/chat/ack successfully completed!
2024-06-14 02:33:59 [verbose]: ChatAckRequest finished with response size of 15 bytes
2024-06-14 02:34:56 [verbose]: Request to https://auth.ppy.sh/updates/get successfully completed!
2024-06-14 02:34:59 [verbose]: Performing request osu.Game.Online.API.Requests.ChatAckRequest
2024-06-14 02:35:00 [verbose]: Request to https://osu.ppy.sh/api/v2/chat/ack successfully completed!
2024-06-14 02:35:00 [verbose]: ChatAckRequest finished with response size of 15 bytes
2024-06-14 02:35:56 [verbose]: Request to https://auth.ppy.sh/updates/get successfully completed!
2024-06-14 02:36:00 [verbose]: Performing request osu.Game.Online.API.Requests.ChatAckRequest
2024-06-14 02:36:01 [verbose]: Request to https://osu.ppy.sh/api/v2/chat/ack successfully completed!
2024-06-14 02:36:01 [verbose]: ChatAckRequest finished with response size of 15 bytes
2024-06-14 02:36:12 [verbose]: Performing request osu.Game.Online.Solo.SubmitSoloScoreRequest
2024-06-14 02:36:13 [verbose]: Request to https://osu.ppy.sh/api/v2/beatmaps/2678916/solo/scores/260862104 successfully completed!
2024-06-14 02:36:13 [verbose]: SubmitSoloScoreRequest finished with response size of 850 bytes
2024-06-14 02:36:13 [verbose]: Performing request osu.Game.Online.API.Requests.GetScoresRequest
2024-06-14 02:36:14 [verbose]: Request to https://osu.ppy.sh/api/v2/beatmaps/2678916/solo-scores?type=global&mode=osu successfully completed!
2024-06-14 02:36:14 [verbose]: GetScoresRequest finished with response size of 66 935 bytes
2024-06-14 02:36:14 [verbose]: Performing request osu.Game.Online.API.Requests.GetUserRequest
2024-06-14 02:36:14 [verbose]: Request to https://assets.ppy.sh/user-cover-presets/3/32ddb3eb261e38a82067f9ef4ea96c12f6abf8bd228e6413330f9d351420301b.jpeg successfully completed!
2024-06-14 02:36:14 [verbose]: Request to https://assets.ppy.sh/user-profile-covers/8509247/c316d228ad0ff4563c1953a64197e3ae93c07b64202259f86713821fc2081ac0.png successfully completed!
2024-06-14 02:36:14 [verbose]: Request to https://a.ppy.sh/8509247?1712243786.jpeg successfully completed!
2024-06-14 02:36:14 [verbose]: Request to https://a.ppy.sh/3172380?1714017235.png successfully completed!
2024-06-14 02:36:14 [verbose]: Request to https://a.ppy.sh/10226302?1687224513.jpeg successfully completed!
2024-06-14 02:36:15 [verbose]: Request to https://osu.ppy.sh/api/v2/users/18829722/osu?key=id successfully completed!
2024-06-14 02:36:15 [verbose]: GetUserRequest finished with response size of 6 761 bytes
2024-06-14 02:36:15 [verbose]: Request to https://assets.ppy.sh/user-profile-covers/10226302/a9b701cbba9bc19775de3ab51cc1150353f8492051636f1a94495192ad5a45a2.jpeg successfully completed!
2024-06-14 02:36:15 [verbose]: Request to https://a.ppy.sh/13155116?1695859282.png successfully completed!
2024-06-14 02:36:15 [verbose]: Request to https://assets.ppy.sh/user-profile-covers/13155116/5fe721d501cb01ba75f772ddf44e013d2783faed9ab1d5b1468cae3ec35fab7c.png successfully completed!
2024-06-14 02:36:20 [verbose]: Request to https://assets.ppy.sh/user-profile-covers/13155116/5fe721d501cb01ba75f772ddf44e013d2783faed9ab1d5b1468cae3ec35fab7c.png successfully completed!
2024-06-14 02:36:20 [verbose]: Request to https://assets.ppy.sh/user-profile-covers/10226302/a9b701cbba9bc19775de3ab51cc1150353f8492051636f1a94495192ad5a45a2.jpeg successfully completed!
2024-06-14 02:36:20 [verbose]: Request to https://assets.ppy.sh/user-profile-covers/8509247/c316d228ad0ff4563c1953a64197e3ae93c07b64202259f86713821fc2081ac0.png successfully completed!
2024-06-14 02:36:22 [verbose]: Request to https://a.ppy.sh/18829722 successfully completed!
2024-06-14 02:36:24 [verbose]: Performing request osu.Game.Online.Solo.CreateSoloScoreRequest
2024-06-14 02:36:24 [verbose]: Request to https://osu.ppy.sh/api/v2/beatmaps/2666177/solo/scores successfully completed!
2024-06-14 02:36:24 [verbose]: CreateSoloScoreRequest finished with response size of 116 bytes
2024-06-14 02:36:56 [verbose]: Request to https://auth.ppy.sh/updates/get successfully completed!
2024-06-14 02:37:01 [verbose]: Performing request osu.Game.Online.API.Requests.ChatAckRequest
2024-06-14 02:37:01 [verbose]: Request to https://osu.ppy.sh/api/v2/chat/ack successfully completed!
2024-06-14 02:37:01 [verbose]: ChatAckRequest finished with response size of 15 bytes
2024-06-14 02:37:37 [verbose]: Performing request osu.Game.Online.Solo.SubmitSoloScoreRequest
2024-06-14 02:37:37 [verbose]: Request to https://osu.ppy.sh/api/v2/beatmaps/2666177/solo/scores/260863420 successfully completed!
2024-06-14 02:37:37 [verbose]: SubmitSoloScoreRequest finished with response size of 839 bytes
2024-06-14 02:37:42 [verbose]: Request to https://a.ppy.sh/18829722 successfully completed!
2024-06-14 02:37:46 [verbose]: Request to https://a.ppy.sh/18829722 successfully completed!
2024-06-14 02:37:48 [verbose]: Request to https://a.ppy.sh/18829722 successfully completed!
2024-06-14 02:37:51 [verbose]: Performing request osu.Game.Online.Solo.CreateSoloScoreRequest
2024-06-14 02:37:52 [verbose]: Request to https://osu.ppy.sh/api/v2/beatmaps/176248/solo/scores successfully completed!
2024-06-14 02:37:52 [verbose]: CreateSoloScoreRequest finished with response size of 115 bytes
2024-06-14 02:37:53 [verbose]: Request to https://a.ppy.sh/18829722 successfully completed!
2024-06-14 02:37:56 [verbose]: Performing request osu.Game.Online.Solo.CreateSoloScoreRequest
2024-06-14 02:37:56 [verbose]: Request to https://auth.ppy.sh/updates/get successfully completed!
2024-06-14 02:37:57 [verbose]: Request to https://osu.ppy.sh/api/v2/beatmaps/176248/solo/scores successfully completed!
2024-06-14 02:37:57 [verbose]: CreateSoloScoreRequest finished with response size of 115 bytes
2024-06-14 02:37:58 [verbose]: Request to https://a.ppy.sh/18829722 successfully completed!
2024-06-14 02:38:01 [verbose]: Performing request osu.Game.Online.API.Requests.ChatAckRequest
2024-06-14 02:38:02 [verbose]: Request to https://osu.ppy.sh/api/v2/chat/ack successfully completed!
2024-06-14 02:38:02 [verbose]: ChatAckRequest finished with response size of 15 bytes
2024-06-14 02:38:04 [verbose]: Performing request osu.Game.Online.Solo.CreateSoloScoreRequest
2024-06-14 02:38:04 [verbose]: Request to https://osu.ppy.sh/api/v2/beatmaps/176248/solo/scores successfully completed!
2024-06-14 02:38:04 [verbose]: CreateSoloScoreRequest finished with response size of 115 bytes
2024-06-14 02:38:05 [verbose]: Request to https://a.ppy.sh/18829722 successfully completed!
2024-06-14 02:38:57 [verbose]: Request to https://auth.ppy.sh/updates/get successfully completed!
2024-06-14 02:39:02 [verbose]: Performing request osu.Game.Online.API.Requests.ChatAckRequest
2024-06-14 02:39:02 [verbose]: Request to https://osu.ppy.sh/api/v2/chat/ack successfully completed!
2024-06-14 02:39:02 [verbose]: ChatAckRequest finished with response size of 15 bytes
2024-06-14 02:39:57 [verbose]: Request to https://auth.ppy.sh/updates/get successfully completed!
2024-06-14 02:40:02 [verbose]: Performing request osu.Game.Online.API.Requests.ChatAckRequest
2024-06-14 02:40:03 [verbose]: Request to https://osu.ppy.sh/api/v2/chat/ack successfully completed!
2024-06-14 02:40:03 [verbose]: ChatAckRequest finished with response size of 15 bytes
2024-06-14 02:40:41 [verbose]: Performing request osu.Game.Online.Solo.SubmitSoloScoreRequest
2024-06-14 02:40:42 [verbose]: Request to https://osu.ppy.sh/api/v2/beatmaps/176248/solo/scores/260864117 successfully completed!
2024-06-14 02:40:42 [verbose]: SubmitSoloScoreRequest finished with response size of 836 bytes
2024-06-14 02:40:46 [verbose]: Performing request osu.Game.Online.Solo.CreateSoloScoreRequest
2024-06-14 02:40:46 [verbose]: Request to https://osu.ppy.sh/api/v2/beatmaps/176248/solo/scores successfully completed!
2024-06-14 02:40:46 [verbose]: CreateSoloScoreRequest finished with response size of 115 bytes
2024-06-14 02:40:47 [verbose]: Request to https://a.ppy.sh/18829722 successfully completed!
2024-06-14 02:40:51 [verbose]: Performing request osu.Game.Online.Solo.CreateSoloScoreRequest
2024-06-14 02:40:51 [verbose]: Request to https://osu.ppy.sh/api/v2/beatmaps/176248/solo/scores successfully completed!
2024-06-14 02:40:51 [verbose]: CreateSoloScoreRequest finished with response size of 115 bytes
2024-06-14 02:40:52 [verbose]: Request to https://a.ppy.sh/18829722 successfully completed!
2024-06-14 02:40:54 [verbose]: Performing request osu.Game.Online.Solo.CreateSoloScoreRequest
2024-06-14 02:40:54 [verbose]: Request to https://osu.ppy.sh/api/v2/beatmaps/176248/solo/scores successfully completed!
2024-06-14 02:40:54 [verbose]: CreateSoloScoreRequest finished with response size of 115 bytes
2024-06-14 02:40:55 [verbose]: Request to https://a.ppy.sh/18829722 successfully completed!
2024-06-14 02:40:57 [verbose]: Request to https://auth.ppy.sh/updates/get successfully completed!
2024-06-14 02:40:58 [verbose]: Request to https://a.ppy.sh/18829722 successfully completed!
2024-06-14 02:41:00 [verbose]: Request to https://a.ppy.sh/18829722 successfully completed!
2024-06-14 02:41:02 [verbose]: Request to https://a.ppy.sh/18829722 successfully completed!
2024-06-14 02:41:03 [verbose]: Performing request osu.Game.Online.API.Requests.ChatAckRequest
2024-06-14 02:41:03 [verbose]: Request to https://osu.ppy.sh/api/v2/chat/ack successfully completed!
2024-06-14 02:41:03 [verbose]: ChatAckRequest finished with response size of 15 bytes
2024-06-14 02:41:04 [verbose]: Request to https://assets.ppy.sh/menu-content.json successfully completed!
2024-06-14 02:41:04 [verbose]: Request to https://assets.ppy.sh/user-contest-entries/13360/e8ee21eeb62ba94ce001a4c2f621974b2876f025f27678ee0bcc61fb86a5d2e2_opt.jpg successfully completed!
