----------------------------------------------------------
network Log for Varof (LogLevel: Verbose)
Running osu 2024.521.2.0 on .NET 8.0.5
Environment: Windows (Microsoft Windows NT 10.0.22631.0), 8 cores 
----------------------------------------------------------
2024-06-14 02:42:17 [verbose]: Request to https://auth.ppy.sh/updates/get successfully completed!
2024-06-14 02:42:17 [verbose]: Performing request osu.Game.Online.API.Requests.GetMeRequest
2024-06-14 02:42:18 [verbose]: Request to https://osu.ppy.sh/api/v2/me/ successfully completed!
2024-06-14 02:42:18 [verbose]: GetMeRequest finished with response size of 8 480 bytes
2024-06-14 02:42:18 [verbose]: Performing request osu.Game.Online.API.Requests.GetFriendsRequest
2024-06-14 02:42:18 [verbose]: OnlineMetadataClient connecting...
2024-06-14 02:42:18 [verbose]: SpectatorClient connecting...
2024-06-14 02:42:18 [verbose]: WebSocketNotificationsClientConnector connecting...
2024-06-14 02:42:18 [verbose]: OnlineMultiplayerClient connecting...
2024-06-14 02:42:18 [verbose]: Performing request osu.Game.Online.API.Requests.GetNotificationsRequest
2024-06-14 02:42:18 [verbose]: Request to https://auth.ppy.sh/updates/get successfully completed!
2024-06-14 02:42:18 [verbose]: Request to https://osu.ppy.sh/api/v2/notifications successfully completed!
2024-06-14 02:42:18 [verbose]: GetNotificationsRequest finished with response size of 1 653 bytes
2024-06-14 02:42:19 [verbose]: WebSocketNotificationsClientConnector connected!
2024-06-14 02:42:19 [verbose]: Now listening to websocket chat messages.
2024-06-14 02:42:19 [verbose]: Request to https://osu.ppy.sh/api/v2/friends successfully completed!
2024-06-14 02:42:19 [verbose]: GetFriendsRequest finished with response size of 14 845 bytes
2024-06-14 02:42:19 [verbose]: Performing request osu.Game.Online.API.Requests.GetUsersRequest
2024-06-14 02:42:19 [verbose]: Performing request osu.Game.Online.API.Requests.GetSeasonalBackgroundsRequest
2024-06-14 02:42:19 [verbose]: Request to https://osu.ppy.sh/api/v2/users/?ids[]=18829722 successfully completed!
2024-06-14 02:42:19 [verbose]: GetUsersRequest finished with response size of 2 244 bytes
2024-06-14 02:42:19 [verbose]: Performing request osu.Game.Online.API.Requests.GetUpdatesRequest
2024-06-14 02:42:19 [verbose]: Request to https://osu.ppy.sh/api/v2/chat/updates successfully completed!
2024-06-14 02:42:19 [verbose]: GetUpdatesRequest finished with response size of 2 932 bytes
2024-06-14 02:42:19 [verbose]: Performing request osu.Game.Online.API.Requests.ChatAckRequest
2024-06-14 02:42:19 [verbose]: OnlineMultiplayerClient connected!
2024-06-14 02:42:19 [verbose]: OnlineMetadataClient connected!
2024-06-14 02:42:19 [verbose]: Request to https://osu.ppy.sh/api/v2/chat/ack successfully completed!
2024-06-14 02:42:19 [verbose]: ChatAckRequest finished with response size of 15 bytes
2024-06-14 02:42:19 [verbose]: Performing request osu.Game.Online.API.Requests.GetUpdatesRequest
2024-06-14 02:42:19 [verbose]: SpectatorClient connected!
2024-06-14 02:42:20 [verbose]: Request to https://osu.ppy.sh/api/v2/seasonal-backgrounds successfully completed!
2024-06-14 02:42:20 [verbose]: GetSeasonalBackgroundsRequest finished with response size of 9 655 bytes
2024-06-14 02:42:20 [verbose]: Request to https://osu.ppy.sh/api/v2/chat/updates successfully completed!
2024-06-14 02:42:20 [verbose]: GetUpdatesRequest finished with response size of 2 932 bytes
2024-06-14 02:42:20 [verbose]: Performing request osu.Game.Online.API.Requests.GetMessagesRequest
2024-06-14 02:42:20 [verbose]: Request to https://osu.ppy.sh/api/v2/chat/channels/32227506/messages successfully completed!
2024-06-14 02:42:20 [verbose]: GetMessagesRequest finished with response size of 5 657 bytes
2024-06-14 02:42:20 [verbose]: Performing request osu.Game.Online.API.Requests.ListChannelsRequest
2024-06-14 02:42:20 [verbose]: Request to https://assets.ppy.sh/user-contest-entries/13302/15ab051446ff4f97622c2dfd1451720a0e183c6ab52eb9d1a7e1c4682302ffac_opt.jpg successfully completed!
2024-06-14 02:42:21 [verbose]: Request to https://osu.ppy.sh/api/v2/chat/channels successfully completed!
2024-06-14 02:42:21 [verbose]: ListChannelsRequest finished with response size of 7 528 bytes
2024-06-14 02:42:21 [verbose]: Performing request osu.Game.Online.API.Requests.ListChannelsRequest
2024-06-14 02:42:21 [verbose]: Request to https://osu.ppy.sh/api/v2/chat/channels successfully completed!
2024-06-14 02:42:21 [verbose]: ListChannelsRequest finished with response size of 7 528 bytes
2024-06-14 02:42:22 [verbose]: Request to https://assets.ppy.sh/menu-content.json successfully completed!
2024-06-14 02:42:22 [verbose]: Request to https://assets.ppy.sh/main-menu/kyoku-menu-banner@2x.png successfully completed!
2024-06-14 02:42:23 [verbose]: Request to https://a.ppy.sh/18829722?1716761139.jpeg successfully completed!
2024-06-14 02:42:46 [verbose]: Request to https://a.ppy.sh/18829722 successfully completed!
2024-06-14 02:42:51 [verbose]: Request to https://a.ppy.sh/18829722 successfully completed!
2024-06-14 02:43:13 [verbose]: Request to https://a.ppy.sh/18829722 successfully completed!
2024-06-14 02:43:16 [verbose]: Request to https://assets.ppy.sh/user-contest-entries/13349/5e32bc9d915fa0791953b8c6a35def11f029ba4fb1375e6bfe31c7e294728ae8_opt.jpg successfully completed!
2024-06-14 02:43:17 [verbose]: Request to https://auth.ppy.sh/updates/get successfully completed!
2024-06-14 02:43:20 [verbose]: Performing request osu.Game.Online.API.Requests.ChatAckRequest
2024-06-14 02:43:20 [verbose]: Request to https://osu.ppy.sh/api/v2/chat/ack successfully completed!
2024-06-14 02:43:20 [verbose]: ChatAckRequest finished with response size of 224 bytes
