----------------------------------------------------------
auth Log for Varof (LogLevel: Verbose)
Running osu 2024.521.2.0 on .NET 8.0.5
Environment: Windows (Microsoft Windows NT 10.0.22631.0), 8 cores 
----------------------------------------------------------
2024-06-14 02:20:50 [verbose]: Loading module...
2024-06-14 02:20:50 [verbose]: Module loaded successfully.
2024-06-14 02:20:50 [verbose]: Checking for any update (7B59C691BC49744CDB2A9350F0B06B646861B7E5)...
2024-06-14 02:20:50 [verbose]: Already up to date.
2024-06-14 02:20:51 [verbose]: API state changed to Offline
2024-06-14 02:20:53 [verbose]: API state changed to Online
2024-06-14 02:20:53 [verbose]: Checking for any update (7B59C691BC49744CDB2A9350F0B06B646861B7E5)...
2024-06-14 02:20:53 [verbose]: Already up to date.
2024-06-14 02:21:50 [verbose]: Checking for any update (7B59C691BC49744CDB2A9350F0B06B646861B7E5)...
2024-06-14 02:21:50 [verbose]: Already up to date.
2024-06-14 02:22:50 [verbose]: Checking for any update (7B59C691BC49744CDB2A9350F0B06B646861B7E5)...
2024-06-14 02:22:51 [verbose]: Already up to date.
2024-06-14 02:23:51 [verbose]: Checking for any update (7B59C691BC49744CDB2A9350F0B06B646861B7E5)...
2024-06-14 02:23:51 [verbose]: Already up to date.
2024-06-14 02:24:51 [verbose]: Checking for any update (7B59C691BC49744CDB2A9350F0B06B646861B7E5)...
2024-06-14 02:24:52 [verbose]: Already up to date.
2024-06-14 02:25:52 [verbose]: Checking for any update (7B59C691BC49744CDB2A9350F0B06B646861B7E5)...
2024-06-14 02:25:52 [verbose]: Already up to date.
2024-06-14 02:26:52 [verbose]: Checking for any update (7B59C691BC49744CDB2A9350F0B06B646861B7E5)...
2024-06-14 02:26:53 [verbose]: Already up to date.
2024-06-14 02:27:53 [verbose]: Checking for any update (7B59C691BC49744CDB2A9350F0B06B646861B7E5)...
2024-06-14 02:27:53 [verbose]: Already up to date.
2024-06-14 02:28:53 [verbose]: Checking for any update (7B59C691BC49744CDB2A9350F0B06B646861B7E5)...
2024-06-14 02:28:53 [verbose]: Already up to date.
2024-06-14 02:29:53 [verbose]: Checking for any update (7B59C691BC49744CDB2A9350F0B06B646861B7E5)...
2024-06-14 02:29:53 [verbose]: Already up to date.
2024-06-14 02:30:53 [verbose]: Checking for any update (7B59C691BC49744CDB2A9350F0B06B646861B7E5)...
2024-06-14 02:30:54 [verbose]: Already up to date.
2024-06-14 02:31:54 [verbose]: Checking for any update (7B59C691BC49744CDB2A9350F0B06B646861B7E5)...
2024-06-14 02:31:54 [verbose]: Already up to date.
2024-06-14 02:32:54 [verbose]: Checking for any update (7B59C691BC49744CDB2A9350F0B06B646861B7E5)...
2024-06-14 02:32:55 [verbose]: Already up to date.
2024-06-14 02:33:55 [verbose]: Checking for any update (7B59C691BC49744CDB2A9350F0B06B646861B7E5)...
2024-06-14 02:33:55 [verbose]: Already up to date.
2024-06-14 02:34:55 [verbose]: Checking for any update (7B59C691BC49744CDB2A9350F0B06B646861B7E5)...
2024-06-14 02:34:56 [verbose]: Already up to date.
2024-06-14 02:35:56 [verbose]: Checking for any update (7B59C691BC49744CDB2A9350F0B06B646861B7E5)...
2024-06-14 02:35:56 [verbose]: Already up to date.
2024-06-14 02:36:56 [verbose]: Checking for any update (7B59C691BC49744CDB2A9350F0B06B646861B7E5)...
2024-06-14 02:36:56 [verbose]: Already up to date.
2024-06-14 02:37:56 [verbose]: Checking for any update (7B59C691BC49744CDB2A9350F0B06B646861B7E5)...
2024-06-14 02:37:56 [verbose]: Already up to date.
2024-06-14 02:38:56 [verbose]: Checking for any update (7B59C691BC49744CDB2A9350F0B06B646861B7E5)...
2024-06-14 02:38:57 [verbose]: Already up to date.
2024-06-14 02:39:57 [verbose]: Checking for any update (7B59C691BC49744CDB2A9350F0B06B646861B7E5)...
2024-06-14 02:39:57 [verbose]: Already up to date.
2024-06-14 02:40:57 [verbose]: Checking for any update (7B59C691BC49744CDB2A9350F0B06B646861B7E5)...
2024-06-14 02:40:57 [verbose]: Already up to date.
2024-06-14 02:41:08 [verbose]: Unloading module...
